Using pre-set license
Built from '2020.3/staging' branch; Version is '2020.3.5f1 (8095aa901b9b) revision 8426922'; Using compiler version '192528614'; Build Type 'Release'
OS: 'Windows 10 Home; OS build 19042.1526; Version 2009; 64bit' Language: 'en' Physical Memory: 24474 MB
BatchMode: 1, IsHumanControllingUs: 0, StartBugReporterOnCrash: 0, Is64bit: 1, IsPro: 0

 COMMAND LINE ARGUMENTS:
T:\UnityEditors\2020.3.5f1\Editor\Unity.exe
-adb2
-batchMode
-noUpm
-name
AssetImportWorker0
-projectPath
C:/Users/Reo-Tek/Desktop/Burak'sFolders/ImplementingDesignPatternInUnity/GenericFactoryDesignPattern
-logFile
Logs/AssetImportWorker0.log
-srvPort
10964
Successfully changed project path to: C:/Users/Reo-Tek/Desktop/Burak'sFolders/ImplementingDesignPatternInUnity/GenericFactoryDesignPattern
C:/Users/Reo-Tek/Desktop/Burak'sFolders/ImplementingDesignPatternInUnity/GenericFactoryDesignPattern
Using Asset Import Pipeline V2.
Refreshing native plugins compatible for Editor in 24.15 ms, found 0 plugins.
Preloading 0 native plugins for Editor in 0.00 ms.
Initialize engine version: 2020.3.5f1 (8095aa901b9b)
[Subsystems] Discovering subsystems at path T:/UnityEditors/2020.3.5f1/Editor/Data/Resources/UnitySubsystems
[Subsystems] Discovering subsystems at path C:/Users/Reo-Tek/Desktop/Burak'sFolders/ImplementingDesignPatternInUnity/GenericFactoryDesignPattern/Assets
GfxDevice: creating device client; threaded=0
Direct3D:
    Version:  Direct3D 11.0 [level 11.1]
    Renderer: NVIDIA GeForce GTX 970 (ID=0x13c2)
    Vendor:   
    VRAM:     4043 MB
    Driver:   27.21.14.6172
Initialize mono
Mono path[0] = 'T:/UnityEditors/2020.3.5f1/Editor/Data/Managed'
Mono path[1] = 'T:/UnityEditors/2020.3.5f1/Editor/Data/MonoBleedingEdge/lib/mono/unityjit'
Mono config path = 'T:/UnityEditors/2020.3.5f1/Editor/Data/MonoBleedingEdge/etc'
Using monoOptions --debugger-agent=transport=dt_socket,embedding=1,server=y,suspend=n,address=127.0.0.1:56452
Begin MonoManager ReloadAssembly
Registering precompiled unity dll's ...
Register platform support module: T:/UnityEditors/2020.3.5f1/Editor/Data/PlaybackEngines/MacStandaloneSupport/UnityEditor.OSXStandalone.Extensions.dll
Register platform support module: T:/UnityEditors/2020.3.5f1/Editor/Data/PlaybackEngines/WindowsStandaloneSupport/UnityEditor.WindowsStandalone.Extensions.dll
Registered in 0.001378 seconds.
Native extension for WindowsStandalone target not found
Native extension for OSXStandalone target not found
Refreshing native plugins compatible for Editor in 26.59 ms, found 0 plugins.
Preloading 0 native plugins for Editor in 0.00 ms.
Mono: successfully reloaded assembly
- Completed reload, in  1.929 seconds
Platform modules already initialized, skipping
Registering precompiled user dll's ...
Registered in 0.000699 seconds.
Begin MonoManager ReloadAssembly
Native extension for WindowsStandalone target not found
Native extension for OSXStandalone target not found
Refreshing native plugins compatible for Editor in 0.28 ms, found 0 plugins.
Preloading 0 native plugins for Editor in 0.00 ms.
Mono: successfully reloaded assembly
- Completed reload, in  0.929 seconds
Platform modules already initialized, skipping
========================================================================
Worker process is ready to serve import requests
Launched and connected shader compiler UnityShaderCompiler.exe after 0.04 seconds
Refreshing native plugins compatible for Editor in 0.25 ms, found 0 plugins.
Preloading 0 native plugins for Editor in 0.00 ms.
Unloading 1115 Unused Serialized files (Serialized files now loaded: 0)
System memory in use before: 57.5 MB.
System memory in use after: 57.6 MB.

Unloading 10 unused Assets to reduce memory usage. Loaded Objects now: 1557.
Total: 1.925400 ms (FindLiveObjects: 0.157500 ms CreateObjectMapping: 0.045800 ms MarkObjects: 1.636200 ms  DeleteObjects: 0.084800 ms)

========================================================================
Received Import Request.
  path: Assets
  artifactKey: Guid(00000000000000001000000000000000) Importer(815301076,1909f56bfc062723c751e8b465ee728b)
Start importing Assets using Guid(00000000000000001000000000000000) Importer(815301076,1909f56bfc062723c751e8b465ee728b)  -> (artifact id: 'e4856052512617ee48189cf1d7999900') in 0.009722 seconds
  Import took 0.011822 seconds .

========================================================================
Received Import Request.
  Time since last request: 6.407882 seconds.
  path: Assets/Scripts
  artifactKey: Guid(24d1b9db202a5d44c9b6d230f9463d15) Importer(815301076,1909f56bfc062723c751e8b465ee728b)
Start importing Assets/Scripts using Guid(24d1b9db202a5d44c9b6d230f9463d15) Importer(815301076,1909f56bfc062723c751e8b465ee728b)  -> (artifact id: '57b03ffbaae4aa085e3fcdb996769902') in 0.009064 seconds
  Import took 0.011339 seconds .

========================================================================
Received Import Request.
  Time since last request: 10.775534 seconds.
  path: Assets/Materials
  artifactKey: Guid(bc11800f3a5f03c40916c1d67da34e46) Importer(815301076,1909f56bfc062723c751e8b465ee728b)
Start importing Assets/Materials using Guid(bc11800f3a5f03c40916c1d67da34e46) Importer(815301076,1909f56bfc062723c751e8b465ee728b)  -> (artifact id: '9cdcb37f48d1b81eae0ea6ff64344a62') in 0.008729 seconds
  Import took 0.011070 seconds .

========================================================================
Received Import Request.
  Time since last request: 8.790685 seconds.
  path: Assets/Prefabs
  artifactKey: Guid(49f36960a219f0b49a0680d0897bf0da) Importer(815301076,1909f56bfc062723c751e8b465ee728b)
Start importing Assets/Prefabs using Guid(49f36960a219f0b49a0680d0897bf0da) Importer(815301076,1909f56bfc062723c751e8b465ee728b)  -> (artifact id: '7a4c9a699b5b499a798db06a0aca3b38') in 0.007117 seconds
  Import took 0.009352 seconds .

========================================================================
Received Import Request.
  Time since last request: 0.005056 seconds.
  path: Assets/Prefabs
  artifactKey: Guid(49f36960a219f0b49a0680d0897bf0da) Importer(815301076,1909f56bfc062723c751e8b465ee728b)
Start importing Assets/Prefabs using Guid(49f36960a219f0b49a0680d0897bf0da) Importer(815301076,1909f56bfc062723c751e8b465ee728b)  -> (artifact id: '7a4c9a699b5b499a798db06a0aca3b38') in 0.002352 seconds
  Import took 0.004433 seconds .

========================================================================
Received Import Request.
  Time since last request: 10.495641 seconds.
  path: Assets/Materials/Green.mat
  artifactKey: Guid(0106e234109b13e4c979555ef74ba748) Importer(815301076,1909f56bfc062723c751e8b465ee728b)
Start importing Assets/Materials/Green.mat using Guid(0106e234109b13e4c979555ef74ba748) Importer(815301076,1909f56bfc062723c751e8b465ee728b)  -> (artifact id: '74f70e416ce692cbeabbc748d01fee08') in 0.132035 seconds
  Import took 0.134356 seconds .

========================================================================
Received Import Request.
  Time since last request: 14.600827 seconds.
  path: Assets/Materials/Red.mat
  artifactKey: Guid(aeae2867f8c920140807611c5339325b) Importer(815301076,1909f56bfc062723c751e8b465ee728b)
Start importing Assets/Materials/Red.mat using Guid(aeae2867f8c920140807611c5339325b) Importer(815301076,1909f56bfc062723c751e8b465ee728b)  -> (artifact id: 'd33307560ecdc605e5f98fd5c7dcb7db') in 0.013768 seconds
  Import took 0.016396 seconds .

========================================================================
Received Import Request.
  Time since last request: 73.402925 seconds.
  path: Assets/Scripts/GenericFactory.cs
  artifactKey: Guid(bac0192ac42cfe64f8c198329ce6bace) Importer(815301076,1909f56bfc062723c751e8b465ee728b)
Start importing Assets/Scripts/GenericFactory.cs using Guid(bac0192ac42cfe64f8c198329ce6bace) Importer(815301076,1909f56bfc062723c751e8b465ee728b)  -> (artifact id: 'd1200fd0cfa1b91bccd6773f161ff7ce') in 0.016937 seconds
  Import took 0.019263 seconds .

========================================================================
Received Import Request.
  Time since last request: 0.003282 seconds.
  path: Assets/Scripts/GenericFactory.cs
  artifactKey: Guid(bac0192ac42cfe64f8c198329ce6bace) Importer(815301076,1909f56bfc062723c751e8b465ee728b)
Start importing Assets/Scripts/GenericFactory.cs using Guid(bac0192ac42cfe64f8c198329ce6bace) Importer(815301076,1909f56bfc062723c751e8b465ee728b)  -> (artifact id: 'd1200fd0cfa1b91bccd6773f161ff7ce') in 0.002870 seconds
  Import took 0.004936 seconds .

========================================================================
Received Prepare
Registering precompiled user dll's ...
Registered in 0.000656 seconds.
Begin MonoManager ReloadAssembly
Native extension for WindowsStandalone target not found
Native extension for OSXStandalone target not found
Refreshing native plugins compatible for Editor in 0.26 ms, found 0 plugins.
Preloading 0 native plugins for Editor in 0.00 ms.
Mono: successfully reloaded assembly
- Completed reload, in  0.889 seconds
Platform modules already initialized, skipping
Refreshing native plugins compatible for Editor in 0.24 ms, found 0 plugins.
Preloading 0 native plugins for Editor in 0.00 ms.
Unloading 1111 Unused Serialized files (Serialized files now loaded: 0)
System memory in use before: 60.8 MB.
System memory in use after: 60.9 MB.

Unloading 5 unused Assets to reduce memory usage. Loaded Objects now: 1601.
Total: 1.715700 ms (FindLiveObjects: 0.130400 ms CreateObjectMapping: 0.043100 ms MarkObjects: 1.489800 ms  DeleteObjects: 0.051500 ms)

========================================================================
Received Prepare
Registering precompiled user dll's ...
Registered in 0.000743 seconds.
Begin MonoManager ReloadAssembly
Native extension for WindowsStandalone target not found
Native extension for OSXStandalone target not found
Refreshing native plugins compatible for Editor in 0.26 ms, found 0 plugins.
Preloading 0 native plugins for Editor in 0.00 ms.
Mono: successfully reloaded assembly
- Completed reload, in  0.923 seconds
Platform modules already initialized, skipping
Refreshing native plugins compatible for Editor in 0.24 ms, found 0 plugins.
Preloading 0 native plugins for Editor in 0.00 ms.
Unloading 1111 Unused Serialized files (Serialized files now loaded: 0)
System memory in use before: 60.8 MB.
System memory in use after: 60.9 MB.

Unloading 5 unused Assets to reduce memory usage. Loaded Objects now: 1604.
Total: 1.754600 ms (FindLiveObjects: 0.135800 ms CreateObjectMapping: 0.043000 ms MarkObjects: 1.522700 ms  DeleteObjects: 0.051600 ms)

========================================================================
Received Prepare
Registering precompiled user dll's ...
Registered in 0.000740 seconds.
Begin MonoManager ReloadAssembly
Native extension for WindowsStandalone target not found
Native extension for OSXStandalone target not found
Refreshing native plugins compatible for Editor in 0.26 ms, found 0 plugins.
Preloading 0 native plugins for Editor in 0.00 ms.
Mono: successfully reloaded assembly
- Completed reload, in  0.875 seconds
Platform modules already initialized, skipping
Refreshing native plugins compatible for Editor in 0.25 ms, found 0 plugins.
Preloading 0 native plugins for Editor in 0.00 ms.
Unloading 1111 Unused Serialized files (Serialized files now loaded: 0)
System memory in use before: 60.8 MB.
System memory in use after: 60.9 MB.

Unloading 5 unused Assets to reduce memory usage. Loaded Objects now: 1607.
Total: 1.767800 ms (FindLiveObjects: 0.136600 ms CreateObjectMapping: 0.053500 ms MarkObjects: 1.528900 ms  DeleteObjects: 0.048000 ms)

========================================================================
Received Prepare
Registering precompiled user dll's ...
Registered in 0.000708 seconds.
Begin MonoManager ReloadAssembly
Native extension for WindowsStandalone target not found
Native extension for OSXStandalone target not found
Refreshing native plugins compatible for Editor in 0.25 ms, found 0 plugins.
Preloading 0 native plugins for Editor in 0.00 ms.
Mono: successfully reloaded assembly
- Completed reload, in  0.892 seconds
Platform modules already initialized, skipping
Refreshing native plugins compatible for Editor in 0.24 ms, found 0 plugins.
Preloading 0 native plugins for Editor in 0.00 ms.
Unloading 1112 Unused Serialized files (Serialized files now loaded: 0)
System memory in use before: 60.9 MB.
System memory in use after: 60.9 MB.

Unloading 5 unused Assets to reduce memory usage. Loaded Objects now: 1611.
Total: 2.678500 ms (FindLiveObjects: 0.232800 ms CreateObjectMapping: 0.071800 ms MarkObjects: 2.265700 ms  DeleteObjects: 0.106300 ms)

========================================================================
Received Import Request.
  Time since last request: 409.800386 seconds.
  path: Assets/Scripts/Time.cs
  artifactKey: Guid(17eb0bfd58ca2a3429e63629490c542a) Importer(815301076,1909f56bfc062723c751e8b465ee728b)
Start importing Assets/Scripts/Time.cs using Guid(17eb0bfd58ca2a3429e63629490c542a) Importer(815301076,1909f56bfc062723c751e8b465ee728b)  -> (artifact id: 'd48da03519e927531c568a538413f226') in 0.010299 seconds
  Import took 0.012967 seconds .

========================================================================
Received Prepare
Registering precompiled user dll's ...
Registered in 0.001216 seconds.
Begin MonoManager ReloadAssembly
Native extension for WindowsStandalone target not found
Native extension for OSXStandalone target not found
Refreshing native plugins compatible for Editor in 0.26 ms, found 0 plugins.
Preloading 0 native plugins for Editor in 0.00 ms.
Mono: successfully reloaded assembly
- Completed reload, in  0.897 seconds
Platform modules already initialized, skipping
Refreshing native plugins compatible for Editor in 0.25 ms, found 0 plugins.
Preloading 0 native plugins for Editor in 0.00 ms.
Unloading 1111 Unused Serialized files (Serialized files now loaded: 0)
System memory in use before: 60.9 MB.
System memory in use after: 60.9 MB.

Unloading 6 unused Assets to reduce memory usage. Loaded Objects now: 1613.
Total: 1.725800 ms (FindLiveObjects: 0.158300 ms CreateObjectMapping: 0.046200 ms MarkObjects: 1.452900 ms  DeleteObjects: 0.067400 ms)

========================================================================
Received Import Request.
  Time since last request: 41.775648 seconds.
  path: Assets/Scripts/TimedObjectFactory.cs
  artifactKey: Guid(1985f7920a7c6314e9fb454baddb7d9f) Importer(815301076,1909f56bfc062723c751e8b465ee728b)
Start importing Assets/Scripts/TimedObjectFactory.cs using Guid(1985f7920a7c6314e9fb454baddb7d9f) Importer(815301076,1909f56bfc062723c751e8b465ee728b)  -> (artifact id: '7c0b664735bdcf98fa3c54492cef5d93') in 0.012741 seconds
  Import took 0.015246 seconds .

========================================================================
Received Prepare
Registering precompiled user dll's ...
Registered in 0.000700 seconds.
Begin MonoManager ReloadAssembly
Native extension for WindowsStandalone target not found
Native extension for OSXStandalone target not found
Refreshing native plugins compatible for Editor in 0.28 ms, found 0 plugins.
Preloading 0 native plugins for Editor in 0.00 ms.
Mono: successfully reloaded assembly
- Completed reload, in  0.921 seconds
Platform modules already initialized, skipping
Refreshing native plugins compatible for Editor in 0.25 ms, found 0 plugins.
Preloading 0 native plugins for Editor in 0.00 ms.
Unloading 1112 Unused Serialized files (Serialized files now loaded: 0)
System memory in use before: 60.9 MB.
System memory in use after: 61.0 MB.

Unloading 5 unused Assets to reduce memory usage. Loaded Objects now: 1617.
Total: 1.982800 ms (FindLiveObjects: 0.182800 ms CreateObjectMapping: 0.045800 ms MarkObjects: 1.701600 ms  DeleteObjects: 0.051500 ms)

========================================================================
Received Import Request.
  Time since last request: 86.631723 seconds.
  path: Assets/Scripts/TimeoutObject.cs
  artifactKey: Guid(7812f8352896688459cb708d7f28ea45) Importer(815301076,1909f56bfc062723c751e8b465ee728b)
Start importing Assets/Scripts/TimeoutObject.cs using Guid(7812f8352896688459cb708d7f28ea45) Importer(815301076,1909f56bfc062723c751e8b465ee728b)  -> (artifact id: '4a8b6914cfb1b3b90b0a42733c2f6dcf') in 0.009738 seconds
  Import took 0.012206 seconds .

========================================================================
Received Import Request.
  Time since last request: 0.001448 seconds.
  path: Assets/Scripts/TimeoutObject.cs
  artifactKey: Guid(7812f8352896688459cb708d7f28ea45) Importer(815301076,1909f56bfc062723c751e8b465ee728b)
Start importing Assets/Scripts/TimeoutObject.cs using Guid(7812f8352896688459cb708d7f28ea45) Importer(815301076,1909f56bfc062723c751e8b465ee728b)  -> (artifact id: '4a8b6914cfb1b3b90b0a42733c2f6dcf') in 0.002573 seconds
  Import took 0.004750 seconds .

========================================================================
Received Prepare
Registering precompiled user dll's ...
Registered in 0.000681 seconds.
Begin MonoManager ReloadAssembly
Native extension for WindowsStandalone target not found
Native extension for OSXStandalone target not found
Refreshing native plugins compatible for Editor in 0.26 ms, found 0 plugins.
Preloading 0 native plugins for Editor in 0.00 ms.
Mono: successfully reloaded assembly
- Completed reload, in  0.873 seconds
Platform modules already initialized, skipping
Refreshing native plugins compatible for Editor in 0.23 ms, found 0 plugins.
Preloading 0 native plugins for Editor in 0.00 ms.
Unloading 1113 Unused Serialized files (Serialized files now loaded: 0)
System memory in use before: 60.9 MB.
System memory in use after: 61.0 MB.

Unloading 5 unused Assets to reduce memory usage. Loaded Objects now: 1621.
Total: 1.936900 ms (FindLiveObjects: 0.168400 ms CreateObjectMapping: 0.045500 ms MarkObjects: 1.669700 ms  DeleteObjects: 0.052500 ms)

========================================================================
Received Import Request.
  Time since last request: 68.526071 seconds.
  path: Assets/Scripts/TimedObjectFactory.cs
  artifactKey: Guid(1985f7920a7c6314e9fb454baddb7d9f) Importer(815301076,1909f56bfc062723c751e8b465ee728b)
Start importing Assets/Scripts/TimedObjectFactory.cs using Guid(1985f7920a7c6314e9fb454baddb7d9f) Importer(815301076,1909f56bfc062723c751e8b465ee728b)  -> (artifact id: 'a099fe4c9e2e58d865767c14d2ce3719') in 0.005108 seconds
  Import took 0.007221 seconds .

========================================================================
Received Prepare
Registering precompiled user dll's ...
Registered in 0.000729 seconds.
Begin MonoManager ReloadAssembly
Native extension for WindowsStandalone target not found
Native extension for OSXStandalone target not found
Refreshing native plugins compatible for Editor in 0.24 ms, found 0 plugins.
Preloading 0 native plugins for Editor in 0.00 ms.
Mono: successfully reloaded assembly
- Completed reload, in  0.956 seconds
Platform modules already initialized, skipping
Refreshing native plugins compatible for Editor in 0.21 ms, found 0 plugins.
Preloading 0 native plugins for Editor in 0.00 ms.
Unloading 1113 Unused Serialized files (Serialized files now loaded: 0)
System memory in use before: 60.9 MB.
System memory in use after: 61.0 MB.

Unloading 5 unused Assets to reduce memory usage. Loaded Objects now: 1624.
Total: 1.951500 ms (FindLiveObjects: 0.165900 ms CreateObjectMapping: 0.045700 ms MarkObjects: 1.694200 ms  DeleteObjects: 0.044800 ms)

========================================================================
Received Import Request.
  Time since last request: 187.735382 seconds.
  path: Assets/Scripts/GenericFactory.cs
  artifactKey: Guid(bac0192ac42cfe64f8c198329ce6bace) Importer(815301076,1909f56bfc062723c751e8b465ee728b)
Start importing Assets/Scripts/GenericFactory.cs using Guid(bac0192ac42cfe64f8c198329ce6bace) Importer(815301076,1909f56bfc062723c751e8b465ee728b)  -> (artifact id: '6748e25202e7e8290eeff1e0fba9bd05') in 0.006112 seconds
  Import took 0.009314 seconds .

========================================================================
Received Import Request.
  Time since last request: 0.001532 seconds.
  path: Assets/Scripts/GenericFactory.cs
  artifactKey: Guid(bac0192ac42cfe64f8c198329ce6bace) Importer(815301076,1909f56bfc062723c751e8b465ee728b)
Start importing Assets/Scripts/GenericFactory.cs using Guid(bac0192ac42cfe64f8c198329ce6bace) Importer(815301076,1909f56bfc062723c751e8b465ee728b)  -> (artifact id: '6748e25202e7e8290eeff1e0fba9bd05') in 0.003291 seconds
  Import took 0.005913 seconds .

========================================================================
Received Import Request.
  Time since last request: 50.221327 seconds.
  path: Assets/Prefabs/Cube.prefab
  artifactKey: Guid(af450671964ab9146b6b40c20d386853) Importer(815301076,1909f56bfc062723c751e8b465ee728b)
Start importing Assets/Prefabs/Cube.prefab using Guid(af450671964ab9146b6b40c20d386853) Importer(815301076,1909f56bfc062723c751e8b465ee728b)  -> (artifact id: '29dceadc89a0d2ddd56b48935a483605') in 0.074386 seconds
  Import took 0.076866 seconds .

========================================================================
Received Import Request.
  Time since last request: 39.445525 seconds.
  path: Assets/Scripts/ObjectSpawner.cs
  artifactKey: Guid(45b429c7a2b1ebe428649979e5ac50b0) Importer(815301076,1909f56bfc062723c751e8b465ee728b)
Start importing Assets/Scripts/ObjectSpawner.cs using Guid(45b429c7a2b1ebe428649979e5ac50b0) Importer(815301076,1909f56bfc062723c751e8b465ee728b)  -> (artifact id: '9e2a73dcf763713abd28d6bc1bbb8474') in 0.006549 seconds
  Import took 0.009219 seconds .

========================================================================
Received Prepare
Registering precompiled user dll's ...
Registered in 0.000688 seconds.
Begin MonoManager ReloadAssembly
Native extension for WindowsStandalone target not found
Native extension for OSXStandalone target not found
Refreshing native plugins compatible for Editor in 0.25 ms, found 0 plugins.
Preloading 0 native plugins for Editor in 0.00 ms.
Mono: successfully reloaded assembly
- Completed reload, in  0.940 seconds
Platform modules already initialized, skipping
Refreshing native plugins compatible for Editor in 0.21 ms, found 0 plugins.
Preloading 0 native plugins for Editor in 0.00 ms.
Unloading 1114 Unused Serialized files (Serialized files now loaded: 0)
System memory in use before: 61.0 MB.
System memory in use after: 61.0 MB.

Unloading 5 unused Assets to reduce memory usage. Loaded Objects now: 1630.
Total: 1.910700 ms (FindLiveObjects: 0.153200 ms CreateObjectMapping: 0.046300 ms MarkObjects: 1.663200 ms  DeleteObjects: 0.047300 ms)

========================================================================
Received Prepare
Registering precompiled user dll's ...
Registered in 0.000763 seconds.
Begin MonoManager ReloadAssembly
Native extension for WindowsStandalone target not found
Native extension for OSXStandalone target not found
Refreshing native plugins compatible for Editor in 0.27 ms, found 0 plugins.
Preloading 0 native plugins for Editor in 0.00 ms.
Mono: successfully reloaded assembly
- Completed reload, in  0.883 seconds
Platform modules already initialized, skipping
Refreshing native plugins compatible for Editor in 0.26 ms, found 0 plugins.
Preloading 0 native plugins for Editor in 0.00 ms.
Unloading 1114 Unused Serialized files (Serialized files now loaded: 0)
System memory in use before: 61.0 MB.
System memory in use after: 61.0 MB.

Unloading 5 unused Assets to reduce memory usage. Loaded Objects now: 1633.
Total: 1.659400 ms (FindLiveObjects: 0.131700 ms CreateObjectMapping: 0.044800 ms MarkObjects: 1.436600 ms  DeleteObjects: 0.045100 ms)

========================================================================
Received Prepare
Registering precompiled user dll's ...
Registered in 0.000848 seconds.
Begin MonoManager ReloadAssembly
Native extension for WindowsStandalone target not found
Native extension for OSXStandalone target not found
Refreshing native plugins compatible for Editor in 0.27 ms, found 0 plugins.
Preloading 0 native plugins for Editor in 0.00 ms.
Mono: successfully reloaded assembly
- Completed reload, in  0.978 seconds
Platform modules already initialized, skipping
Refreshing native plugins compatible for Editor in 0.27 ms, found 0 plugins.
Preloading 0 native plugins for Editor in 0.00 ms.
Unloading 1114 Unused Serialized files (Serialized files now loaded: 0)
System memory in use before: 61.0 MB.
System memory in use after: 61.1 MB.

Unloading 5 unused Assets to reduce memory usage. Loaded Objects now: 1636.
Total: 1.785700 ms (FindLiveObjects: 0.162900 ms CreateObjectMapping: 0.046700 ms MarkObjects: 1.524500 ms  DeleteObjects: 0.050600 ms)

