Using pre-set license
Built from '2020.3/staging' branch; Version is '2020.3.5f1 (8095aa901b9b) revision 8426922'; Using compiler version '192528614'; Build Type 'Release'
OS: 'Windows 10 Home; OS build 19042.1526; Version 2009; 64bit' Language: 'en' Physical Memory: 24474 MB
BatchMode: 1, IsHumanControllingUs: 0, StartBugReporterOnCrash: 0, Is64bit: 1, IsPro: 0

 COMMAND LINE ARGUMENTS:
T:\UnityEditors\2020.3.5f1\Editor\Unity.exe
-adb2
-batchMode
-noUpm
-name
AssetImportWorker0
-projectPath
C:/Users/Reo-Tek/Desktop/Burak'sFolders/ImplementingDesignPatternInUnity/GenericFactoryDesignPattern
-logFile
Logs/AssetImportWorker0.log
-srvPort
11385
Successfully changed project path to: C:/Users/Reo-Tek/Desktop/Burak'sFolders/ImplementingDesignPatternInUnity/GenericFactoryDesignPattern
C:/Users/Reo-Tek/Desktop/Burak'sFolders/ImplementingDesignPatternInUnity/GenericFactoryDesignPattern
Using Asset Import Pipeline V2.
Refreshing native plugins compatible for Editor in 24.94 ms, found 0 plugins.
Preloading 0 native plugins for Editor in 0.00 ms.
Initialize engine version: 2020.3.5f1 (8095aa901b9b)
[Subsystems] Discovering subsystems at path T:/UnityEditors/2020.3.5f1/Editor/Data/Resources/UnitySubsystems
[Subsystems] Discovering subsystems at path C:/Users/Reo-Tek/Desktop/Burak'sFolders/ImplementingDesignPatternInUnity/GenericFactoryDesignPattern/Assets
GfxDevice: creating device client; threaded=0
Direct3D:
    Version:  Direct3D 11.0 [level 11.1]
    Renderer: NVIDIA GeForce GTX 970 (ID=0x13c2)
    Vendor:   
    VRAM:     4043 MB
    Driver:   27.21.14.6172
Initialize mono
Mono path[0] = 'T:/UnityEditors/2020.3.5f1/Editor/Data/Managed'
Mono path[1] = 'T:/UnityEditors/2020.3.5f1/Editor/Data/MonoBleedingEdge/lib/mono/unityjit'
Mono config path = 'T:/UnityEditors/2020.3.5f1/Editor/Data/MonoBleedingEdge/etc'
Using monoOptions --debugger-agent=transport=dt_socket,embedding=1,server=y,suspend=n,address=127.0.0.1:56576
Begin MonoManager ReloadAssembly
Registering precompiled unity dll's ...
Register platform support module: T:/UnityEditors/2020.3.5f1/Editor/Data/PlaybackEngines/MacStandaloneSupport/UnityEditor.OSXStandalone.Extensions.dll
Register platform support module: T:/UnityEditors/2020.3.5f1/Editor/Data/PlaybackEngines/WindowsStandaloneSupport/UnityEditor.WindowsStandalone.Extensions.dll
Registered in 0.001380 seconds.
Native extension for WindowsStandalone target not found
Native extension for OSXStandalone target not found
Refreshing native plugins compatible for Editor in 25.05 ms, found 0 plugins.
Preloading 0 native plugins for Editor in 0.00 ms.
Mono: successfully reloaded assembly
- Completed reload, in  1.886 seconds
Platform modules already initialized, skipping
Registering precompiled user dll's ...
Registered in 0.000715 seconds.
Begin MonoManager ReloadAssembly
Native extension for WindowsStandalone target not found
Native extension for OSXStandalone target not found
Refreshing native plugins compatible for Editor in 0.28 ms, found 0 plugins.
Preloading 0 native plugins for Editor in 0.00 ms.
Mono: successfully reloaded assembly
- Completed reload, in  0.941 seconds
Platform modules already initialized, skipping
========================================================================
Worker process is ready to serve import requests
Launched and connected shader compiler UnityShaderCompiler.exe after 0.04 seconds
Refreshing native plugins compatible for Editor in 0.24 ms, found 0 plugins.
Preloading 0 native plugins for Editor in 0.00 ms.
Unloading 1119 Unused Serialized files (Serialized files now loaded: 0)
System memory in use before: 57.6 MB.
System memory in use after: 57.7 MB.

Unloading 10 unused Assets to reduce memory usage. Loaded Objects now: 1561.
Total: 2.087100 ms (FindLiveObjects: 0.234700 ms CreateObjectMapping: 0.144500 ms MarkObjects: 1.628000 ms  DeleteObjects: 0.078900 ms)

========================================================================
Received Import Request.
  path: Assets/Scenes
  artifactKey: Guid(3a8cfaf40a0c3434c821fcfba1e61403) Importer(815301076,1909f56bfc062723c751e8b465ee728b)
Start importing Assets/Scenes using Guid(3a8cfaf40a0c3434c821fcfba1e61403) Importer(815301076,1909f56bfc062723c751e8b465ee728b)  -> (artifact id: '8217561001d7679f63d7a0435c4b6dbb') in 0.010574 seconds
  Import took 0.013739 seconds .

========================================================================
Received Import Request.
  Time since last request: 43.251228 seconds.
  path: Assets/Scenes/SampleScene.unity
  artifactKey: Guid(9fc0d4010bbf28b4594072e72b8655ab) Importer(815301076,1909f56bfc062723c751e8b465ee728b)
Start importing Assets/Scenes/SampleScene.unity using Guid(9fc0d4010bbf28b4594072e72b8655ab) Importer(815301076,1909f56bfc062723c751e8b465ee728b)  -> (artifact id: '02a2e40e81d35f9ada7821be9923d9eb') in 0.025803 seconds
  Import took 0.028548 seconds .

========================================================================
Received Import Request.
  Time since last request: 10.896425 seconds.
  path: Assets/Materials/Green.mat
  artifactKey: Guid(0106e234109b13e4c979555ef74ba748) Importer(815301076,1909f56bfc062723c751e8b465ee728b)
Start importing Assets/Materials/Green.mat using Guid(0106e234109b13e4c979555ef74ba748) Importer(815301076,1909f56bfc062723c751e8b465ee728b)  -> (artifact id: '5cc5b4e3ffa0dbb9362006e41238b5b3') in 0.162600 seconds
  Import took 0.165800 seconds .

========================================================================
Received Prepare
Registering precompiled user dll's ...
Registered in 0.000773 seconds.
Begin MonoManager ReloadAssembly
Native extension for WindowsStandalone target not found
Native extension for OSXStandalone target not found
Refreshing native plugins compatible for Editor in 0.24 ms, found 0 plugins.
Preloading 0 native plugins for Editor in 0.00 ms.
Mono: successfully reloaded assembly
- Completed reload, in  0.881 seconds
Platform modules already initialized, skipping
Refreshing native plugins compatible for Editor in 0.24 ms, found 0 plugins.
Preloading 0 native plugins for Editor in 0.00 ms.
Unloading 1114 Unused Serialized files (Serialized files now loaded: 0)
System memory in use before: 60.9 MB.
System memory in use after: 61.0 MB.

Unloading 5 unused Assets to reduce memory usage. Loaded Objects now: 1604.
Total: 1.744800 ms (FindLiveObjects: 0.131000 ms CreateObjectMapping: 0.046400 ms MarkObjects: 1.508400 ms  DeleteObjects: 0.058200 ms)

AssetImportWorkerClient::OnTransportError - code=2 error=End of file
